<?xml version="1.0" encoding="UTF-8"?>
<!-- Generated by org.testng.reporters.JUnitXMLReporter -->
<testsuite ignored="0" hostname="LAPTOP-SFAGG2OU" failures="0" tests="6" name="Default test" time="26.524" errors="0" timestamp="2023-01-16T18:40:34 ART">
  <testcase classname="Edit.SauceDemo.login" name="loginordenCompleta" time="3.377"/>
  <testcase classname="Edit.SauceDemo.login" name="loginordenCompleta" time="2.755"/>
  <testcase classname="Edit.SauceDemo.login" name="loginordenCompleta" time="2.662"/>
  <testcase classname="Edit.SauceDemo.login" name="loginordenCompleta" time="2.636"/>
  <testcase classname="Edit.SauceDemo.login" name="loginordenCompleta" time="5.387"/>
  <testcase classname="Edit.SauceDemo.login" name="loginordenCompleta" time="9.323"/>
</testsuite> <!-- Default test -->
