<?xml version="1.0" encoding="UTF-8"?>
<!-- Generated by org.testng.reporters.JUnitXMLReporter -->
<testsuite ignored="0" hostname="LAPTOP-SFAGG2OU" failures="0" tests="6" name="Test" time="24.885" errors="0" timestamp="2023-01-13T19:40:50 ART">
  <testcase classname="Edit.SauceDemo.Asignacion6" name="loginordenCompleta" time="3.103"/>
  <testcase classname="Edit.SauceDemo.Asignacion6" name="loginordenCompleta" time="2.636"/>
  <testcase classname="Edit.SauceDemo.Asignacion6" name="loginordenCompleta" time="2.612"/>
  <testcase classname="Edit.SauceDemo.Asignacion6" name="loginordenCompleta" time="2.573"/>
  <testcase classname="Edit.SauceDemo.Asignacion6" name="loginordenCompleta" time="2.895"/>
  <testcase classname="Edit.SauceDemo.Asignacion6" name="loginordenCompleta" time="10.421"/>
</testsuite> <!-- Test -->
